"2020-08-19 14:32:12 - No active profile set, falling back to default profiles: default
""2020-08-19 14:32:13 - Bootstrapping Spring Data MongoDB repositories in DEFAULT mode.
""2020-08-19 14:32:13 - Finished Spring Data repository scanning in 144ms. Found 1 MongoDB repository interfaces.
""2020-08-19 14:32:14 - BeanFactory id=dd3d745a-3d45-3957-a229-f45c02610c8e
""2020-08-19 14:32:14 - Tomcat initialized with port(s): 8081 (http)
""2020-08-19 14:32:14 - Starting service [Tomcat]
""2020-08-19 14:32:14 - Starting Servlet engine: [Apache Tomcat/9.0.30]
""2020-08-19 14:32:15 - Initializing Spring embedded WebApplicationContext
""2020-08-19 14:32:15 - Root WebApplicationContext: initialization completed in 2289 ms
""2020-08-19 14:32:15 - No URLs will be polled as dynamic configuration sources.
""2020-08-19 14:32:15 - To enable URLs as dynamic configuration sources, define System property archaius.configurationSource.additionalUrls or make config.properties available on classpath.
""2020-08-19 14:32:15 - No URLs will be polled as dynamic configuration sources.
""2020-08-19 14:32:15 - To enable URLs as dynamic configuration sources, define System property archaius.configurationSource.additionalUrls or make config.properties available on classpath.
""2020-08-19 14:32:16 - Cluster created with settings {hosts=[localhost:27017], mode=MULTIPLE, requiredClusterType=UNKNOWN, serverSelectionTimeout='30000 ms', maxWaitQueueSize=500}
""2020-08-19 14:32:16 - Adding discovered server localhost:27017 to client view of cluster
""2020-08-19 14:32:16 - Opened connection [connectionId{localValue:1, serverValue:1}] to localhost:27017
""2020-08-19 14:32:16 - Monitor thread successfully connected to server with description ServerDescription{address=localhost:27017, type=STANDALONE, state=CONNECTED, ok=true, version=ServerVersion{versionList=[4, 4, 0]}, minWireVersion=0, maxWireVersion=9, maxDocumentSize=16777216, logicalSessionTimeoutMinutes=30, roundTripTimeNanos=5168600}
""2020-08-19 14:32:16 - Discovered cluster type of STANDALONE
""2020-08-19 14:32:17 - Initializing ExecutorService 'applicationTaskExecutor'
""2020-08-19 14:32:19 - You already have RibbonLoadBalancerClient on your classpath. It will be used by default. As Spring Cloud Ribbon is in maintenance mode. We recommend switching to BlockingLoadBalancerClient instead. In order to use it, set the value of `spring.cloud.loadbalancer.ribbon.enabled` to `false` or remove spring-cloud-starter-netflix-ribbon from your project.
""2020-08-19 14:32:20 - Setting initial instance status as: STARTING
""2020-08-19 14:32:20 - Initializing Eureka in region us-east-1
""2020-08-19 14:32:20 - Using JSON encoding codec LegacyJacksonJson
""2020-08-19 14:32:20 - Using JSON decoding codec LegacyJacksonJson
""2020-08-19 14:32:20 - Using XML encoding codec XStreamXml
""2020-08-19 14:32:20 - Using XML decoding codec XStreamXml
""2020-08-19 14:32:20 - Resolving eureka endpoints via configuration
""2020-08-19 14:32:21 - Disable delta property : false
""2020-08-19 14:32:21 - Single vip registry refresh property : null
""2020-08-19 14:32:21 - Force full registry fetch : false
""2020-08-19 14:32:21 - Application is null : false
""2020-08-19 14:32:21 - Registered Applications size is zero : true
""2020-08-19 14:32:21 - Application version is -1: true
""2020-08-19 14:32:21 - Getting all instance registry info from the eureka server
""2020-08-19 14:32:21 - The response status is 200
""2020-08-19 14:32:21 - Starting heartbeat executor: renew interval is: 30
""2020-08-19 14:32:21 - InstanceInfoReplicator onDemand update allowed rate per min is 4
""2020-08-19 14:32:21 - Discovery Client initialized at timestamp 1597827741443 with initial instances count: 0
""2020-08-19 14:32:21 - Registering application CUSTOMER-SERVICE with eureka with status UP
""2020-08-19 14:32:21 - Saw local status change event StatusChangeEvent [timestamp=1597827741452, current=UP, previous=STARTING]
""2020-08-19 14:32:21 - DiscoveryClient_CUSTOMER-SERVICE/DESKTOP-64NK9BC:customer-service:8081: registering service...
""2020-08-19 14:32:21 - Tomcat started on port(s): 8081 (http) with context path ''
""2020-08-19 14:32:21 - Updating port to 8081
""2020-08-19 14:32:21 - DiscoveryClient_CUSTOMER-SERVICE/DESKTOP-64NK9BC:customer-service:8081 - registration status: 204
""2020-08-19 14:32:22 - Started CustomerApp in 12.386 seconds (JVM running for 14.28)
""2020-08-19 14:32:51 - Disable delta property : false
""2020-08-19 14:32:51 - Single vip registry refresh property : null
""2020-08-19 14:32:51 - Force full registry fetch : false
""2020-08-19 14:32:51 - Application is null : false
""2020-08-19 14:32:51 - Registered Applications size is zero : true
""2020-08-19 14:32:51 - Application version is -1: false
""2020-08-19 14:32:51 - Getting all instance registry info from the eureka server
""2020-08-19 14:32:51 - The response status is 200
""2020-08-19 14:36:50 - Application shutdown requested.
""2020-08-19 14:36:50 - Unregistering application CUSTOMER-SERVICE with eureka with status DOWN
""2020-08-19 14:36:50 - Saw local status change event StatusChangeEvent [timestamp=1597828010230, current=DOWN, previous=UP]
""2020-08-19 14:36:50 - DiscoveryClient_CUSTOMER-SERVICE/DESKTOP-64NK9BC:customer-service:8081: registering service...
""2020-08-19 14:36:50 - Shutting down ExecutorService 'applicationTaskExecutor'
""2020-08-19 14:36:50 - DiscoveryClient_CUSTOMER-SERVICE/DESKTOP-64NK9BC:customer-service:8081 - registration status: 204
""2020-08-19 14:36:50 - Shutting down DiscoveryClient ...
""2020-08-19 14:36:53 - Unregistering ...
""2020-08-19 14:36:53 - task supervisor shutting down, can't accept the task
""2020-08-19 14:36:53 - DiscoveryClient_CUSTOMER-SERVICE/DESKTOP-64NK9BC:customer-service:8081 - deregister  status: 200
""2020-08-19 14:36:53 - Completed shut down of DiscoveryClient
""2020-08-19 14:36:53 - Stopping service [Tomcat]
""2020-08-19 14:37:50------- INFO ----------- - No active profile set, falling back to default profiles: default
""2020-08-19 14:37:51------- INFO ----------- - Bootstrapping Spring Data MongoDB repositories in DEFAULT mode.
""2020-08-19 14:37:51------- INFO ----------- - Finished Spring Data repository scanning in 165ms. Found 1 MongoDB repository interfaces.
""2020-08-19 14:37:52------- INFO ----------- - BeanFactory id=dd3d745a-3d45-3957-a229-f45c02610c8e
""2020-08-19 14:37:53------- INFO ----------- - Tomcat initialized with port(s): 8081 (http)
""2020-08-19 14:37:53------- INFO ----------- - Starting service [Tomcat]
""2020-08-19 14:37:53------- INFO ----------- - Starting Servlet engine: [Apache Tomcat/9.0.30]
""2020-08-19 14:37:53------- INFO ----------- - Initializing Spring embedded WebApplicationContext
""2020-08-19 14:37:53------- INFO ----------- - Root WebApplicationContext: initialization completed in 2718 ms
""2020-08-19 14:37:53------- WARN ----------- - No URLs will be polled as dynamic configuration sources.
""2020-08-19 14:37:53------- INFO ----------- - To enable URLs as dynamic configuration sources, define System property archaius.configurationSource.additionalUrls or make config.properties available on classpath.
""2020-08-19 14:37:53------- WARN ----------- - No URLs will be polled as dynamic configuration sources.
""2020-08-19 14:37:53------- INFO ----------- - To enable URLs as dynamic configuration sources, define System property archaius.configurationSource.additionalUrls or make config.properties available on classpath.
""2020-08-19 14:37:54------- INFO ----------- - Cluster created with settings {hosts=[localhost:27017], mode=MULTIPLE, requiredClusterType=UNKNOWN, serverSelectionTimeout='30000 ms', maxWaitQueueSize=500}
""2020-08-19 14:37:54------- INFO ----------- - Adding discovered server localhost:27017 to client view of cluster
""2020-08-19 14:37:55------- INFO ----------- - Opened connection [connectionId{localValue:1, serverValue:2}] to localhost:27017
""2020-08-19 14:37:55------- INFO ----------- - Monitor thread successfully connected to server with description ServerDescription{address=localhost:27017, type=STANDALONE, state=CONNECTED, ok=true, version=ServerVersion{versionList=[4, 4, 0]}, minWireVersion=0, maxWireVersion=9, maxDocumentSize=16777216, logicalSessionTimeoutMinutes=30, roundTripTimeNanos=5766901}
""2020-08-19 14:37:55------- INFO ----------- - Discovered cluster type of STANDALONE
""2020-08-19 14:37:55------- INFO ----------- - Initializing ExecutorService 'applicationTaskExecutor'
""2020-08-19 14:38:00------- WARN ----------- - You already have RibbonLoadBalancerClient on your classpath. It will be used by default. As Spring Cloud Ribbon is in maintenance mode. We recommend switching to BlockingLoadBalancerClient instead. In order to use it, set the value of `spring.cloud.loadbalancer.ribbon.enabled` to `false` or remove spring-cloud-starter-netflix-ribbon from your project.
""2020-08-19 14:38:01------- INFO ----------- - Setting initial instance status as: STARTING
""2020-08-19 14:38:01------- INFO ----------- - Initializing Eureka in region us-east-1
""2020-08-19 14:38:02------- INFO ----------- - Using JSON encoding codec LegacyJacksonJson
""2020-08-19 14:38:02------- INFO ----------- - Using JSON decoding codec LegacyJacksonJson
""2020-08-19 14:38:02------- INFO ----------- - Using XML encoding codec XStreamXml
""2020-08-19 14:38:02------- INFO ----------- - Using XML decoding codec XStreamXml
""2020-08-19 14:38:02------- INFO ----------- - Resolving eureka endpoints via configuration
""2020-08-19 14:38:03------- INFO ----------- - Disable delta property : false
""2020-08-19 14:38:03------- INFO ----------- - Single vip registry refresh property : null
""2020-08-19 14:38:03------- INFO ----------- - Force full registry fetch : false
""2020-08-19 14:38:03------- INFO ----------- - Application is null : false
""2020-08-19 14:38:03------- INFO ----------- - Registered Applications size is zero : true
""2020-08-19 14:38:03------- INFO ----------- - Application version is -1: true
""2020-08-19 14:38:03------- INFO ----------- - Getting all instance registry info from the eureka server
""2020-08-19 14:38:03------- INFO ----------- - The response status is 200
""2020-08-19 14:38:03------- INFO ----------- - Starting heartbeat executor: renew interval is: 30
""2020-08-19 14:38:03------- INFO ----------- - InstanceInfoReplicator onDemand update allowed rate per min is 4
""2020-08-19 14:38:03------- INFO ----------- - Discovery Client initialized at timestamp 1597828083629 with initial instances count: 0
""2020-08-19 14:38:03------- INFO ----------- - Registering application CUSTOMER-SERVICE with eureka with status UP
""2020-08-19 14:38:03------- INFO ----------- - Saw local status change event StatusChangeEvent [timestamp=1597828083634, current=UP, previous=STARTING]
""2020-08-19 14:38:03------- INFO ----------- - DiscoveryClient_CUSTOMER-SERVICE/DESKTOP-64NK9BC:customer-service:8081: registering service...
""2020-08-19 14:38:03------- INFO ----------- - Tomcat started on port(s): 8081 (http) with context path ''
""2020-08-19 14:38:03------- INFO ----------- - Updating port to 8081
""2020-08-19 14:38:03------- INFO ----------- - DiscoveryClient_CUSTOMER-SERVICE/DESKTOP-64NK9BC:customer-service:8081 - registration status: 204
""2020-08-19 14:38:04------- INFO ----------- - Started CustomerApp in 16.883 seconds (JVM running for 18.894)
""2020-08-19 14:38:33------- INFO ----------- - Disable delta property : false
""2020-08-19 14:38:33------- INFO ----------- - Single vip registry refresh property : null
""2020-08-19 14:38:33------- INFO ----------- - Force full registry fetch : false
""2020-08-19 14:38:33------- INFO ----------- - Application is null : false
""2020-08-19 14:38:33------- INFO ----------- - Registered Applications size is zero : true
""2020-08-19 14:38:33------- INFO ----------- - Application version is -1: false
""2020-08-19 14:38:33------- INFO ----------- - Getting all instance registry info from the eureka server
""2020-08-19 14:38:33------- INFO ----------- - The response status is 200
""2020-08-19 14:43:03------- INFO ----------- - Resolving eureka endpoints via configuration
""2020-08-19 14:48:03------- INFO ----------- - Resolving eureka endpoints via configuration
""2020-08-19 14:53:03------- INFO ----------- - Resolving eureka endpoints via configuration
""2020-08-19 14:58:03------- INFO ----------- - Resolving eureka endpoints via configuration
""2020-08-19 15:02:56------- INFO ----------- - Application shutdown requested.
""2020-08-19 15:02:56------- INFO ----------- - Unregistering application CUSTOMER-SERVICE with eureka with status DOWN
""2020-08-19 15:02:56------- WARN ----------- - Saw local status change event StatusChangeEvent [timestamp=1597829576094, current=DOWN, previous=UP]
""2020-08-19 15:02:56------- INFO ----------- - DiscoveryClient_CUSTOMER-SERVICE/DESKTOP-64NK9BC:customer-service:8081: registering service...
""2020-08-19 15:02:56------- INFO ----------- - Shutting down ExecutorService 'applicationTaskExecutor'
""2020-08-19 15:02:56------- INFO ----------- - DiscoveryClient_CUSTOMER-SERVICE/DESKTOP-64NK9BC:customer-service:8081 - registration status: 204
""2020-08-19 15:02:56------- INFO ----------- - Shutting down DiscoveryClient ...
""2020-08-19 15:02:59------- INFO ----------- - Unregistering ...
""2020-08-19 15:02:59------- INFO ----------- - DiscoveryClient_CUSTOMER-SERVICE/DESKTOP-64NK9BC:customer-service:8081 - deregister  status: 200
""2020-08-19 15:02:59------- INFO ----------- - Completed shut down of DiscoveryClient
""2020-08-19 15:02:59------- INFO ----------- - Stopping service [Tomcat]
"